<?xml version="1.0" encoding="UTF-8"?>
<testng-results ignored="0" total="3" passed="3" failed="0" skipped="0">
  <reporter-output>
  </reporter-output>
  <suite started-at="2024-06-08T22:07:30 IST" name="Default suite" finished-at="2024-06-08T22:08:39 IST" duration-ms="68341">
    <groups>
    </groups>
    <test started-at="2024-06-08T22:07:30 IST" name="Default test" finished-at="2024-06-08T22:08:39 IST" duration-ms="68341">
      <class name="com.example.tests.ApiTest">
        <test-method is-config="true" signature="setup()[pri:0, instance:com.example.tests.ApiTest@1be2019a]" started-at="2024-06-08T22:07:30 IST" name="setup" finished-at="2024-06-08T22:07:31 IST" duration-ms="825" status="PASS">
          <reporter-output>
          </reporter-output>
        </test-method> <!-- setup -->
        <test-method signature="testGetTranslation(java.lang.String)[pri:0, instance:com.example.tests.ApiTest@1be2019a]" started-at="2024-06-08T22:07:32 IST" name="testGetTranslation" data-provider="translations" finished-at="2024-06-08T22:08:07 IST" duration-ms="34724" status="PASS">
          <params>
            <param index="0">
              <value>
                <![CDATA[germany]]>
              </value>
            </param>
          </params>
          <reporter-output>
          </reporter-output>
        </test-method> <!-- testGetTranslation -->
        <test-method signature="testGetTranslation(java.lang.String)[pri:0, instance:com.example.tests.ApiTest@1be2019a]" started-at="2024-06-08T22:08:07 IST" name="testGetTranslation" data-provider="translations" finished-at="2024-06-08T22:08:32 IST" duration-ms="25471" status="PASS">
          <params>
            <param index="0">
              <value>
                <![CDATA[alemania]]>
              </value>
            </param>
          </params>
          <reporter-output>
          </reporter-output>
        </test-method> <!-- testGetTranslation -->
        <test-method signature="testGetTranslation(java.lang.String)[pri:0, instance:com.example.tests.ApiTest@1be2019a]" started-at="2024-06-08T22:08:32 IST" name="testGetTranslation" data-provider="translations" finished-at="2024-06-08T22:08:39 IST" duration-ms="6662" status="PASS">
          <params>
            <param index="0">
              <value>
                <![CDATA[Saksamaa]]>
              </value>
            </param>
          </params>
          <reporter-output>
          </reporter-output>
        </test-method> <!-- testGetTranslation -->
      </class> <!-- com.example.tests.ApiTest -->
    </test> <!-- Default test -->
  </suite> <!-- Default suite -->
</testng-results>
