<?xml version="1.0" encoding="UTF-8"?>
<!-- Generated by org.testng.reporters.JUnitXMLReporter -->
<testsuite ignored="0" hostname="LAPTOP-PLJ9AFR9" failures="0" tests="3" name="Default test" time="68.341" errors="0" timestamp="2024-06-08T22:08:39 IST">
  <testcase classname="com.example.tests.ApiTest" name="testGetTranslation" time="34.724"/>
  <testcase classname="com.example.tests.ApiTest" name="testGetTranslation" time="25.471"/>
  <testcase classname="com.example.tests.ApiTest" name="testGetTranslation" time="6.662"/>
</testsuite> <!-- Default test -->
